2026-02-18 14:56:26,555 - INFO - Bundle generation started.
2026-02-18 14:56:26,566 - INFO - Added extra dependencies to Mods/ACTX/actx_container.bundle
2026-02-18 14:56:26,566 - INFO - Added extra dependencies to Mods/ACTX/actx_fde_container.bundle
2026-02-18 14:56:26,566 - INFO - Added extra dependencies to Mods/ACTX/actx_green_container.bundle
2026-02-18 14:56:26,566 - INFO - Added extra dependencies to Mods/ACTX/actx_red_container.bundle
2026-02-18 14:56:26,566 - INFO - Added extra dependencies to Mods/AK105/ak105_norod_container.bundle
2026-02-18 14:56:26,566 - INFO - Added extra dependencies to Mods/AK12M1/weapon_ak12k_container.bundle
2026-02-18 14:56:26,566 - INFO - Added extra dependencies to Mods/AK12M1/weapon_ak12m1_container.bundle
2026-02-18 14:56:26,566 - INFO - Added extra dependencies to Mods/AK12M1/weapon_ak12sk_container.bundle
2026-02-18 14:56:26,566 - INFO - Added extra dependencies to Mods/AK74M/ak74m_norod_container.bundle
2026-02-18 14:56:26,566 - INFO - Added extra dependencies to Mods/AMT_HardBaller/amt_hardballer_container.bundle
2026-02-18 14:56:26,566 - INFO - Added extra dependencies to Mods/AS_1/weapon_as1_container.bundle
2026-02-18 14:56:26,566 - INFO - Added extra dependencies to Mods/AS_1/weapon_as2_container.bundle
2026-02-18 14:56:26,566 - INFO - Added extra dependencies to Mods/Beretta_1301/beretta1301_container.bundle
2026-02-18 14:56:26,566 - INFO - Added extra dependencies to Mods/Beretta_1301/beretta1301_fde_container.bundle
2026-02-18 14:56:26,566 - INFO - Added extra dependencies to Mods/Beretta_1301/beretta1301_od_container.bundle
2026-02-18 14:56:26,566 - INFO - Added extra dependencies to Mods/BM-59/bm59standard_container.bundle
2026-02-18 14:56:26,566 - INFO - Added extra dependencies to Mods/BM-59/bm59_tanker_container.bundle
2026-02-18 14:56:26,566 - INFO - Added extra dependencies to Mods/BRN180/brn180_container.bundle
2026-02-18 14:56:26,566 - INFO - Added extra dependencies to Mods/BRN180/brn180_fde_container.bundle
2026-02-18 14:56:26,566 - INFO - Added extra dependencies to Mods/Kochevnik/kochevnik_bullpup_container.bundle
2026-02-18 14:56:26,566 - INFO - Added extra dependencies to Mods/Kochevnik/kochevnik_bullpup_fde_container.bundle
2026-02-18 14:56:26,567 - INFO - Added extra dependencies to Mods/LR300/weapon_lr300_container.bundle
2026-02-18 14:56:26,567 - INFO - Added extra dependencies to Mods/LR300/weapon_lr300_fde_container.bundle
2026-02-18 14:56:26,567 - INFO - Added extra dependencies to Mods/M240/m240_container.bundle
2026-02-18 14:56:26,567 - INFO - Added extra dependencies to Mods/M700/m700_container.bundle
2026-02-18 14:56:26,567 - INFO - Added extra dependencies to Mods/MK22_HushPuppy/mk22_container.bundle
2026-02-18 14:56:26,567 - INFO - Added extra dependencies to Mods/PPK20/weapon_ppk20_container.bundle
2026-02-18 14:56:26,567 - INFO - Added extra dependencies to Mods/SAK21/sak21_black_container.bundle
2026-02-18 14:56:26,567 - INFO - Added extra dependencies to Mods/SAK21/sak21_container.bundle
2026-02-18 14:56:26,567 - INFO - Added extra dependencies to Mods/SR1/sr1_container.bundle
2026-02-18 14:56:26,567 - INFO - Added extra dependencies to Mods/SR1/sr1_fde_container.bundle
2026-02-18 14:56:26,567 - INFO - Added extra dependencies to Mods/USPS/usps_container.bundle
2026-02-18 14:56:26,567 - INFO - Added extra dependencies to Mods/VPO185/weapon_vpo185_container.bundle
2026-02-18 14:56:26,567 - INFO - Added extra dependencies to Mods/Warn_Metal/warn_metal_container.bundle
2026-02-18 14:56:26,567 - INFO - Added extra dependencies to Mods/Zastava/zastava_container.bundle
2026-02-18 14:56:26,567 - INFO - Added extra dependencies to Mods/Zastava/zastava_fde_container.bundle
2026-02-18 14:56:26,570 - INFO - bundles.json file has been generated.
